<?xml version="1.0" encoding="UTF-8"?>
<!-- Generated by org.testng.reporters.JUnitReportReporter -->
<testsuite hostname="LAPTOP-2IRP3RUV" failures="0" tests="2" name="com.rest.GetMethod" time="2.724" errors="0" timestamp="2023-02-12T06:39:04 GMT" skipped="0">
  <testcase classname="com.rest.GetMethod" name="validate_get_email_method" time="2.583"/>
  <system-out/>
  <testcase classname="com.rest.GetMethod" name="validate_get_method" time="0.141"/>
  <system-out/>
</testsuite> <!-- com.rest.GetMethod -->
