<?xml version="1.0" encoding="UTF-8"?>
<!-- Generated by org.testng.reporters.JUnitReportReporter -->
<testsuite hostname="LAPTOP-2IRP3RUV" failures="0" tests="1" name="com.rest.Test" time="0.000" errors="0" timestamp="2023-02-12T06:39:04 GMT" skipped="0">
  <testcase classname="com.rest.Test" name="test" time="0.000"/>
  <system-out/>
</testsuite> <!-- com.rest.Test -->
